<?xml version="1.0" encoding="UTF-8"?>
<testng-results ignored="0" total="1" passed="1" failed="0" skipped="0">
  <reporter-output>
  </reporter-output>
  <suite started-at="2023-09-25T01:14:19 IST" name="CapstoneProject_1 Suite" finished-at="2023-09-25T01:14:51 IST" duration-ms="31544">
    <groups>
    </groups>
    <test started-at="2023-09-25T01:14:19 IST" name="CapstoneProject_1 Test" finished-at="2023-09-25T01:14:51 IST" duration-ms="31544">
      <class name="CapstoneProject_1">
        <test-method is-config="true" signature="setUp()[pri:0, instance:CapstoneProject_1@1de5f259]" started-at="2023-09-25T01:14:11 IST" name="setUp" finished-at="2023-09-25T01:14:19 IST" duration-ms="8419" status="PASS">
          <reporter-output>
          </reporter-output>
        </test-method> <!-- setUp -->
        <test-method signature="searchAndAddItem()[pri:0, instance:CapstoneProject_1@1de5f259]" started-at="2023-09-25T01:14:19 IST" name="searchAndAddItem" finished-at="2023-09-25T01:14:51 IST" duration-ms="31485" status="PASS">
          <reporter-output>
          </reporter-output>
        </test-method> <!-- searchAndAddItem -->
        <test-method is-config="true" signature="tearDown()[pri:0, instance:CapstoneProject_1@1de5f259]" started-at="2023-09-25T01:14:51 IST" name="tearDown" finished-at="2023-09-25T01:14:54 IST" duration-ms="3188" status="PASS">
          <reporter-output>
          </reporter-output>
        </test-method> <!-- tearDown -->
      </class> <!-- CapstoneProject_1 -->
    </test> <!-- CapstoneProject_1 Test -->
  </suite> <!-- CapstoneProject_1 Suite -->
</testng-results>
